11:20:40 INFO  : Registering command handlers for SDK TCF services
11:20:42 INFO  : Launching XSCT server: xsct -n -interactive /home/bgardner/workspace/wasm_exec/temp_xsdb_launch_script.tcl
11:20:45 INFO  : XSCT server has started successfully.
11:20:45 INFO  : Successfully done setting XSCT server connection channel  
11:20:45 INFO  : Successfully done setting SDK workspace  
11:22:27 INFO  : Project 'wasm_exec' created. You can now create BSPs and application projects targeting this hardware platform.
11:26:42 INFO  : Connected to target on host '127.0.0.1' and port '3121'.
11:26:42 INFO  : 'targets -set -filter {jtag_cable_name =~ "Avnet MiniZed V1 1234-oj1A" && level==0} -index 1' command is executed.
11:26:43 INFO  : FPGA configured successfully with bitstream "/home/bgardner/workspace/wasm_exec/wasm_exec/System_wrapper.bit"
11:27:09 INFO  : 'targets -set -filter {jtag_cable_name =~ "Avnet MiniZed V1 1234-oj1A" && level==0} -index 1' command is executed.
11:27:09 INFO  : 'fpga -state' command is executed.
11:27:09 INFO  : Connected to target on host '127.0.0.1' and port '3121'.
11:27:09 INFO  : Jtag cable 'Avnet MiniZed V1 1234-oj1A' is selected.
11:27:09 INFO  : 'jtag frequency' command is executed.
11:27:09 INFO  : Sourcing of '/home/bgardner/workspace/wasm_exec/wasm_exec/ps7_init.tcl' is done.
11:27:09 INFO  : Context for 'APU' is selected.
11:27:09 INFO  : Hardware design information is loaded from '/home/bgardner/workspace/wasm_exec/wasm_exec/system.hdf'.
11:27:09 INFO  : 'configparams force-mem-access 1' command is executed.
11:27:09 INFO  : Context for 'APU' is selected.
11:27:09 INFO  : 'stop' command is executed.
11:27:10 INFO  : 'ps7_init' command is executed.
11:27:10 INFO  : 'ps7_post_config' command is executed.
11:27:10 INFO  : Context for processor 'ps7_cortexa9_0' is selected.
11:27:10 INFO  : Processor reset is completed for 'ps7_cortexa9_0'.
11:27:10 INFO  : Context for processor 'ps7_cortexa9_0' is selected.
11:27:10 INFO  : The application '/home/bgardner/workspace/wasm_exec/runner/Debug/runner.elf' is downloaded to processor 'ps7_cortexa9_0'.
11:27:10 INFO  : 'configparams force-mem-access 0' command is executed.
11:27:10 INFO  : ----------------XSDB Script----------------
connect -url tcp:127.0.0.1:3121
source /home/bgardner/workspace/wasm_exec/wasm_exec/ps7_init.tcl
targets -set -nocase -filter {name =~"APU*" && jtag_cable_name =~ "Avnet MiniZed V1 1234-oj1A"} -index 0
loadhw -hw /home/bgardner/workspace/wasm_exec/wasm_exec/system.hdf -mem-ranges [list {0x40000000 0xbfffffff}]
configparams force-mem-access 1
targets -set -nocase -filter {name =~"APU*" && jtag_cable_name =~ "Avnet MiniZed V1 1234-oj1A"} -index 0
stop
ps7_init
ps7_post_config
targets -set -nocase -filter {name =~ "ARM*#0" && jtag_cable_name =~ "Avnet MiniZed V1 1234-oj1A"} -index 0
rst -processor
targets -set -nocase -filter {name =~ "ARM*#0" && jtag_cable_name =~ "Avnet MiniZed V1 1234-oj1A"} -index 0
dow /home/bgardner/workspace/wasm_exec/runner/Debug/runner.elf
configparams force-mem-access 0
----------------End of Script----------------

11:27:10 INFO  : Memory regions updated for context APU
11:27:10 INFO  : Context for processor 'ps7_cortexa9_0' is selected.
11:27:10 INFO  : 'con' command is executed.
11:27:10 INFO  : ----------------XSDB Script (After Launch)----------------
targets -set -nocase -filter {name =~ "ARM*#0" && jtag_cable_name =~ "Avnet MiniZed V1 1234-oj1A"} -index 0
con
----------------End of Script----------------

11:27:10 INFO  : Launch script is exported to file '/home/bgardner/workspace/wasm_exec/.sdk/launch_scripts/xilinx_c-c++_application_(system_debugger)/system_debugger_using_debug_runner.elf_on_local.tcl'
11:28:41 INFO  : Disconnected from the channel tcfchan#1.
11:28:42 INFO  : 'targets -set -filter {jtag_cable_name =~ "Avnet MiniZed V1 1234-oj1A" && level==0} -index 1' command is executed.
11:28:42 INFO  : 'fpga -state' command is executed.
11:28:42 INFO  : Connected to target on host '127.0.0.1' and port '3121'.
11:28:42 INFO  : Jtag cable 'Avnet MiniZed V1 1234-oj1A' is selected.
11:28:42 INFO  : 'jtag frequency' command is executed.
11:28:42 INFO  : Sourcing of '/home/bgardner/workspace/wasm_exec/wasm_exec/ps7_init.tcl' is done.
11:28:42 INFO  : Context for 'APU' is selected.
11:28:43 INFO  : Hardware design information is loaded from '/home/bgardner/workspace/wasm_exec/wasm_exec/system.hdf'.
11:28:43 INFO  : 'configparams force-mem-access 1' command is executed.
11:28:43 INFO  : Context for 'APU' is selected.
11:28:43 INFO  : 'stop' command is executed.
11:28:43 INFO  : 'ps7_init' command is executed.
11:28:43 INFO  : 'ps7_post_config' command is executed.
11:28:43 INFO  : Context for processor 'ps7_cortexa9_0' is selected.
11:28:43 INFO  : Processor reset is completed for 'ps7_cortexa9_0'.
11:28:43 INFO  : Context for processor 'ps7_cortexa9_0' is selected.
11:28:44 INFO  : The application '/home/bgardner/workspace/wasm_exec/runner/Debug/runner.elf' is downloaded to processor 'ps7_cortexa9_0'.
11:28:44 INFO  : 'configparams force-mem-access 0' command is executed.
11:28:44 INFO  : ----------------XSDB Script----------------
connect -url tcp:127.0.0.1:3121
source /home/bgardner/workspace/wasm_exec/wasm_exec/ps7_init.tcl
targets -set -nocase -filter {name =~"APU*" && jtag_cable_name =~ "Avnet MiniZed V1 1234-oj1A"} -index 0
loadhw -hw /home/bgardner/workspace/wasm_exec/wasm_exec/system.hdf -mem-ranges [list {0x40000000 0xbfffffff}]
configparams force-mem-access 1
targets -set -nocase -filter {name =~"APU*" && jtag_cable_name =~ "Avnet MiniZed V1 1234-oj1A"} -index 0
stop
ps7_init
ps7_post_config
targets -set -nocase -filter {name =~ "ARM*#0" && jtag_cable_name =~ "Avnet MiniZed V1 1234-oj1A"} -index 0
rst -processor
targets -set -nocase -filter {name =~ "ARM*#0" && jtag_cable_name =~ "Avnet MiniZed V1 1234-oj1A"} -index 0
dow /home/bgardner/workspace/wasm_exec/runner/Debug/runner.elf
configparams force-mem-access 0
----------------End of Script----------------

11:28:44 INFO  : Memory regions updated for context APU
11:28:44 INFO  : Context for processor 'ps7_cortexa9_0' is selected.
11:28:44 INFO  : 'con' command is executed.
11:28:44 INFO  : ----------------XSDB Script (After Launch)----------------
targets -set -nocase -filter {name =~ "ARM*#0" && jtag_cable_name =~ "Avnet MiniZed V1 1234-oj1A"} -index 0
con
----------------End of Script----------------

11:28:44 INFO  : Launch script is exported to file '/home/bgardner/workspace/wasm_exec/.sdk/launch_scripts/xilinx_c-c++_application_(system_debugger)/system_debugger_using_debug_runner.elf_on_local.tcl'
11:37:09 INFO  : Disconnected from the channel tcfchan#2.
11:37:10 INFO  : 'targets -set -filter {jtag_cable_name =~ "Avnet MiniZed V1 1234-oj1A" && level==0} -index 1' command is executed.
11:37:10 INFO  : 'fpga -state' command is executed.
11:37:10 INFO  : Connected to target on host '127.0.0.1' and port '3121'.
11:37:10 INFO  : Jtag cable 'Avnet MiniZed V1 1234-oj1A' is selected.
11:37:10 INFO  : 'jtag frequency' command is executed.
11:37:10 INFO  : Sourcing of '/home/bgardner/workspace/wasm_exec/wasm_exec/ps7_init.tcl' is done.
11:37:10 INFO  : Context for 'APU' is selected.
11:37:11 INFO  : Hardware design information is loaded from '/home/bgardner/workspace/wasm_exec/wasm_exec/system.hdf'.
11:37:11 INFO  : 'configparams force-mem-access 1' command is executed.
11:37:11 INFO  : Context for 'APU' is selected.
11:37:11 INFO  : 'stop' command is executed.
11:37:12 INFO  : 'ps7_init' command is executed.
11:37:12 INFO  : 'ps7_post_config' command is executed.
11:37:12 INFO  : Context for processor 'ps7_cortexa9_0' is selected.
11:37:12 INFO  : Processor reset is completed for 'ps7_cortexa9_0'.
11:37:12 INFO  : Context for processor 'ps7_cortexa9_0' is selected.
11:37:12 INFO  : The application '/home/bgardner/workspace/wasm_exec/runner/Debug/runner.elf' is downloaded to processor 'ps7_cortexa9_0'.
11:37:12 INFO  : 'configparams force-mem-access 0' command is executed.
11:37:12 INFO  : ----------------XSDB Script----------------
connect -url tcp:127.0.0.1:3121
source /home/bgardner/workspace/wasm_exec/wasm_exec/ps7_init.tcl
targets -set -nocase -filter {name =~"APU*" && jtag_cable_name =~ "Avnet MiniZed V1 1234-oj1A"} -index 0
loadhw -hw /home/bgardner/workspace/wasm_exec/wasm_exec/system.hdf -mem-ranges [list {0x40000000 0xbfffffff}]
configparams force-mem-access 1
targets -set -nocase -filter {name =~"APU*" && jtag_cable_name =~ "Avnet MiniZed V1 1234-oj1A"} -index 0
stop
ps7_init
ps7_post_config
targets -set -nocase -filter {name =~ "ARM*#0" && jtag_cable_name =~ "Avnet MiniZed V1 1234-oj1A"} -index 0
rst -processor
targets -set -nocase -filter {name =~ "ARM*#0" && jtag_cable_name =~ "Avnet MiniZed V1 1234-oj1A"} -index 0
dow /home/bgardner/workspace/wasm_exec/runner/Debug/runner.elf
configparams force-mem-access 0
----------------End of Script----------------

11:37:12 INFO  : Memory regions updated for context APU
11:37:12 INFO  : Context for processor 'ps7_cortexa9_0' is selected.
11:37:12 INFO  : 'con' command is executed.
11:37:12 INFO  : ----------------XSDB Script (After Launch)----------------
targets -set -nocase -filter {name =~ "ARM*#0" && jtag_cable_name =~ "Avnet MiniZed V1 1234-oj1A"} -index 0
con
----------------End of Script----------------

11:37:12 INFO  : Launch script is exported to file '/home/bgardner/workspace/wasm_exec/.sdk/launch_scripts/xilinx_c-c++_application_(system_debugger)/system_debugger_using_debug_runner.elf_on_local.tcl'
11:38:07 INFO  : Disconnected from the channel tcfchan#3.
11:38:08 INFO  : 'targets -set -filter {jtag_cable_name =~ "Avnet MiniZed V1 1234-oj1A" && level==0} -index 1' command is executed.
11:38:08 INFO  : 'fpga -state' command is executed.
11:38:08 INFO  : Connected to target on host '127.0.0.1' and port '3121'.
11:38:08 INFO  : Jtag cable 'Avnet MiniZed V1 1234-oj1A' is selected.
11:38:08 INFO  : 'jtag frequency' command is executed.
11:38:08 INFO  : Sourcing of '/home/bgardner/workspace/wasm_exec/wasm_exec/ps7_init.tcl' is done.
11:38:08 INFO  : Context for 'APU' is selected.
11:38:10 INFO  : Hardware design information is loaded from '/home/bgardner/workspace/wasm_exec/wasm_exec/system.hdf'.
11:38:10 INFO  : 'configparams force-mem-access 1' command is executed.
11:38:10 INFO  : Context for 'APU' is selected.
11:38:10 INFO  : 'stop' command is executed.
11:38:10 INFO  : 'ps7_init' command is executed.
11:38:10 INFO  : 'ps7_post_config' command is executed.
11:38:10 INFO  : Context for processor 'ps7_cortexa9_0' is selected.
11:38:10 INFO  : Processor reset is completed for 'ps7_cortexa9_0'.
11:38:10 INFO  : Context for processor 'ps7_cortexa9_0' is selected.
11:38:10 INFO  : The application '/home/bgardner/workspace/wasm_exec/runner/Debug/runner.elf' is downloaded to processor 'ps7_cortexa9_0'.
11:38:10 INFO  : 'configparams force-mem-access 0' command is executed.
11:38:10 INFO  : ----------------XSDB Script----------------
connect -url tcp:127.0.0.1:3121
source /home/bgardner/workspace/wasm_exec/wasm_exec/ps7_init.tcl
targets -set -nocase -filter {name =~"APU*" && jtag_cable_name =~ "Avnet MiniZed V1 1234-oj1A"} -index 0
loadhw -hw /home/bgardner/workspace/wasm_exec/wasm_exec/system.hdf -mem-ranges [list {0x40000000 0xbfffffff}]
configparams force-mem-access 1
targets -set -nocase -filter {name =~"APU*" && jtag_cable_name =~ "Avnet MiniZed V1 1234-oj1A"} -index 0
stop
ps7_init
ps7_post_config
targets -set -nocase -filter {name =~ "ARM*#0" && jtag_cable_name =~ "Avnet MiniZed V1 1234-oj1A"} -index 0
rst -processor
targets -set -nocase -filter {name =~ "ARM*#0" && jtag_cable_name =~ "Avnet MiniZed V1 1234-oj1A"} -index 0
dow /home/bgardner/workspace/wasm_exec/runner/Debug/runner.elf
configparams force-mem-access 0
----------------End of Script----------------

11:38:10 INFO  : Memory regions updated for context APU
11:38:10 INFO  : Context for processor 'ps7_cortexa9_0' is selected.
11:38:10 INFO  : 'con' command is executed.
11:38:10 INFO  : ----------------XSDB Script (After Launch)----------------
targets -set -nocase -filter {name =~ "ARM*#0" && jtag_cable_name =~ "Avnet MiniZed V1 1234-oj1A"} -index 0
con
----------------End of Script----------------

11:38:10 INFO  : Launch script is exported to file '/home/bgardner/workspace/wasm_exec/.sdk/launch_scripts/xilinx_c-c++_application_(system_debugger)/system_debugger_using_debug_runner.elf_on_local.tcl'
11:38:24 INFO  : Disconnected from the channel tcfchan#4.
11:38:25 INFO  : 'targets -set -filter {jtag_cable_name =~ "Avnet MiniZed V1 1234-oj1A" && level==0} -index 1' command is executed.
11:38:25 INFO  : 'fpga -state' command is executed.
11:38:25 INFO  : Connected to target on host '127.0.0.1' and port '3121'.
11:38:26 INFO  : Jtag cable 'Avnet MiniZed V1 1234-oj1A' is selected.
11:38:26 INFO  : 'jtag frequency' command is executed.
11:38:26 INFO  : Sourcing of '/home/bgardner/workspace/wasm_exec/wasm_exec/ps7_init.tcl' is done.
11:38:26 INFO  : Context for 'APU' is selected.
11:38:27 INFO  : Hardware design information is loaded from '/home/bgardner/workspace/wasm_exec/wasm_exec/system.hdf'.
11:38:27 INFO  : 'configparams force-mem-access 1' command is executed.
11:38:27 INFO  : Context for 'APU' is selected.
11:38:27 INFO  : 'stop' command is executed.
11:38:27 INFO  : 'ps7_init' command is executed.
11:38:27 INFO  : 'ps7_post_config' command is executed.
11:38:27 INFO  : Context for processor 'ps7_cortexa9_0' is selected.
11:38:27 INFO  : Processor reset is completed for 'ps7_cortexa9_0'.
11:38:27 INFO  : Context for processor 'ps7_cortexa9_0' is selected.
11:38:28 INFO  : The application '/home/bgardner/workspace/wasm_exec/runner/Debug/runner.elf' is downloaded to processor 'ps7_cortexa9_0'.
11:38:28 INFO  : 'configparams force-mem-access 0' command is executed.
11:38:28 INFO  : ----------------XSDB Script----------------
connect -url tcp:127.0.0.1:3121
source /home/bgardner/workspace/wasm_exec/wasm_exec/ps7_init.tcl
targets -set -nocase -filter {name =~"APU*" && jtag_cable_name =~ "Avnet MiniZed V1 1234-oj1A"} -index 0
loadhw -hw /home/bgardner/workspace/wasm_exec/wasm_exec/system.hdf -mem-ranges [list {0x40000000 0xbfffffff}]
configparams force-mem-access 1
targets -set -nocase -filter {name =~"APU*" && jtag_cable_name =~ "Avnet MiniZed V1 1234-oj1A"} -index 0
stop
ps7_init
ps7_post_config
targets -set -nocase -filter {name =~ "ARM*#0" && jtag_cable_name =~ "Avnet MiniZed V1 1234-oj1A"} -index 0
rst -processor
targets -set -nocase -filter {name =~ "ARM*#0" && jtag_cable_name =~ "Avnet MiniZed V1 1234-oj1A"} -index 0
dow /home/bgardner/workspace/wasm_exec/runner/Debug/runner.elf
configparams force-mem-access 0
----------------End of Script----------------

11:38:28 INFO  : Memory regions updated for context APU
11:38:28 INFO  : Context for processor 'ps7_cortexa9_0' is selected.
11:38:28 INFO  : 'con' command is executed.
11:38:28 INFO  : ----------------XSDB Script (After Launch)----------------
targets -set -nocase -filter {name =~ "ARM*#0" && jtag_cable_name =~ "Avnet MiniZed V1 1234-oj1A"} -index 0
con
----------------End of Script----------------

11:38:28 INFO  : Launch script is exported to file '/home/bgardner/workspace/wasm_exec/.sdk/launch_scripts/xilinx_c-c++_application_(system_debugger)/system_debugger_using_debug_runner.elf_on_local.tcl'
11:51:10 INFO  : Disconnected from the channel tcfchan#5.
11:51:11 INFO  : 'targets -set -filter {jtag_cable_name =~ "Avnet MiniZed V1 1234-oj1A" && level==0} -index 1' command is executed.
11:51:11 INFO  : 'fpga -state' command is executed.
11:51:11 INFO  : Connected to target on host '127.0.0.1' and port '3121'.
11:51:11 INFO  : Jtag cable 'Avnet MiniZed V1 1234-oj1A' is selected.
11:51:11 INFO  : 'jtag frequency' command is executed.
11:51:11 INFO  : Sourcing of '/home/bgardner/workspace/wasm_exec/wasm_exec/ps7_init.tcl' is done.
11:51:11 INFO  : Context for 'APU' is selected.
11:51:12 INFO  : Hardware design information is loaded from '/home/bgardner/workspace/wasm_exec/wasm_exec/system.hdf'.
11:51:12 INFO  : 'configparams force-mem-access 1' command is executed.
11:51:12 INFO  : Context for 'APU' is selected.
11:51:12 INFO  : 'stop' command is executed.
11:51:12 INFO  : 'ps7_init' command is executed.
11:51:12 INFO  : 'ps7_post_config' command is executed.
11:51:12 INFO  : Context for processor 'ps7_cortexa9_0' is selected.
11:51:12 INFO  : Processor reset is completed for 'ps7_cortexa9_0'.
11:51:13 INFO  : Context for processor 'ps7_cortexa9_0' is selected.
11:51:13 INFO  : The application '/home/bgardner/workspace/wasm_exec/runner/Debug/runner.elf' is downloaded to processor 'ps7_cortexa9_0'.
11:51:13 INFO  : 'configparams force-mem-access 0' command is executed.
11:51:13 INFO  : ----------------XSDB Script----------------
connect -url tcp:127.0.0.1:3121
source /home/bgardner/workspace/wasm_exec/wasm_exec/ps7_init.tcl
targets -set -nocase -filter {name =~"APU*" && jtag_cable_name =~ "Avnet MiniZed V1 1234-oj1A"} -index 0
loadhw -hw /home/bgardner/workspace/wasm_exec/wasm_exec/system.hdf -mem-ranges [list {0x40000000 0xbfffffff}]
configparams force-mem-access 1
targets -set -nocase -filter {name =~"APU*" && jtag_cable_name =~ "Avnet MiniZed V1 1234-oj1A"} -index 0
stop
ps7_init
ps7_post_config
targets -set -nocase -filter {name =~ "ARM*#0" && jtag_cable_name =~ "Avnet MiniZed V1 1234-oj1A"} -index 0
rst -processor
targets -set -nocase -filter {name =~ "ARM*#0" && jtag_cable_name =~ "Avnet MiniZed V1 1234-oj1A"} -index 0
dow /home/bgardner/workspace/wasm_exec/runner/Debug/runner.elf
configparams force-mem-access 0
----------------End of Script----------------

11:51:13 INFO  : Memory regions updated for context APU
11:51:13 INFO  : Context for processor 'ps7_cortexa9_0' is selected.
11:51:13 INFO  : 'con' command is executed.
11:51:13 INFO  : ----------------XSDB Script (After Launch)----------------
targets -set -nocase -filter {name =~ "ARM*#0" && jtag_cable_name =~ "Avnet MiniZed V1 1234-oj1A"} -index 0
con
----------------End of Script----------------

11:51:13 INFO  : Launch script is exported to file '/home/bgardner/workspace/wasm_exec/.sdk/launch_scripts/xilinx_c-c++_application_(system_debugger)/system_debugger_using_debug_runner.elf_on_local.tcl'
11:51:42 INFO  : Disconnected from the channel tcfchan#6.
11:51:43 INFO  : 'targets -set -filter {jtag_cable_name =~ "Avnet MiniZed V1 1234-oj1A" && level==0} -index 1' command is executed.
11:51:43 INFO  : 'fpga -state' command is executed.
11:51:43 INFO  : Connected to target on host '127.0.0.1' and port '3121'.
11:51:44 INFO  : Jtag cable 'Avnet MiniZed V1 1234-oj1A' is selected.
11:51:44 INFO  : 'jtag frequency' command is executed.
11:51:44 INFO  : Sourcing of '/home/bgardner/workspace/wasm_exec/wasm_exec/ps7_init.tcl' is done.
11:51:44 INFO  : Context for 'APU' is selected.
11:51:45 INFO  : Hardware design information is loaded from '/home/bgardner/workspace/wasm_exec/wasm_exec/system.hdf'.
11:51:45 INFO  : 'configparams force-mem-access 1' command is executed.
11:51:45 INFO  : Context for 'APU' is selected.
11:51:45 INFO  : 'stop' command is executed.
11:51:45 INFO  : 'ps7_init' command is executed.
11:51:45 INFO  : 'ps7_post_config' command is executed.
11:51:45 INFO  : Context for processor 'ps7_cortexa9_0' is selected.
11:51:46 INFO  : Processor reset is completed for 'ps7_cortexa9_0'.
11:51:46 INFO  : Context for processor 'ps7_cortexa9_0' is selected.
11:51:46 INFO  : The application '/home/bgardner/workspace/wasm_exec/runner/Debug/runner.elf' is downloaded to processor 'ps7_cortexa9_0'.
11:51:46 INFO  : 'configparams force-mem-access 0' command is executed.
11:51:46 INFO  : ----------------XSDB Script----------------
connect -url tcp:127.0.0.1:3121
source /home/bgardner/workspace/wasm_exec/wasm_exec/ps7_init.tcl
targets -set -nocase -filter {name =~"APU*" && jtag_cable_name =~ "Avnet MiniZed V1 1234-oj1A"} -index 0
loadhw -hw /home/bgardner/workspace/wasm_exec/wasm_exec/system.hdf -mem-ranges [list {0x40000000 0xbfffffff}]
configparams force-mem-access 1
targets -set -nocase -filter {name =~"APU*" && jtag_cable_name =~ "Avnet MiniZed V1 1234-oj1A"} -index 0
stop
ps7_init
ps7_post_config
targets -set -nocase -filter {name =~ "ARM*#0" && jtag_cable_name =~ "Avnet MiniZed V1 1234-oj1A"} -index 0
rst -processor
targets -set -nocase -filter {name =~ "ARM*#0" && jtag_cable_name =~ "Avnet MiniZed V1 1234-oj1A"} -index 0
dow /home/bgardner/workspace/wasm_exec/runner/Debug/runner.elf
configparams force-mem-access 0
----------------End of Script----------------

11:51:46 INFO  : Memory regions updated for context APU
11:51:46 INFO  : Context for processor 'ps7_cortexa9_0' is selected.
11:51:46 INFO  : 'con' command is executed.
11:51:46 INFO  : ----------------XSDB Script (After Launch)----------------
targets -set -nocase -filter {name =~ "ARM*#0" && jtag_cable_name =~ "Avnet MiniZed V1 1234-oj1A"} -index 0
con
----------------End of Script----------------

11:51:46 INFO  : Launch script is exported to file '/home/bgardner/workspace/wasm_exec/.sdk/launch_scripts/xilinx_c-c++_application_(system_debugger)/system_debugger_using_debug_runner.elf_on_local.tcl'
11:52:14 INFO  : Disconnected from the channel tcfchan#7.
11:52:15 INFO  : 'targets -set -filter {jtag_cable_name =~ "Avnet MiniZed V1 1234-oj1A" && level==0} -index 1' command is executed.
11:52:15 INFO  : 'fpga -state' command is executed.
11:52:15 INFO  : Connected to target on host '127.0.0.1' and port '3121'.
11:52:15 INFO  : Jtag cable 'Avnet MiniZed V1 1234-oj1A' is selected.
11:52:15 INFO  : 'jtag frequency' command is executed.
11:52:15 INFO  : Sourcing of '/home/bgardner/workspace/wasm_exec/wasm_exec/ps7_init.tcl' is done.
11:52:15 INFO  : Context for 'APU' is selected.
11:52:17 INFO  : Hardware design information is loaded from '/home/bgardner/workspace/wasm_exec/wasm_exec/system.hdf'.
11:52:17 INFO  : 'configparams force-mem-access 1' command is executed.
11:52:17 INFO  : Context for 'APU' is selected.
11:52:17 INFO  : 'stop' command is executed.
11:52:17 INFO  : 'ps7_init' command is executed.
11:52:17 INFO  : 'ps7_post_config' command is executed.
11:52:17 INFO  : Context for processor 'ps7_cortexa9_0' is selected.
11:52:17 INFO  : Processor reset is completed for 'ps7_cortexa9_0'.
11:52:17 INFO  : Context for processor 'ps7_cortexa9_0' is selected.
11:52:17 INFO  : The application '/home/bgardner/workspace/wasm_exec/runner/Debug/runner.elf' is downloaded to processor 'ps7_cortexa9_0'.
11:52:17 INFO  : 'configparams force-mem-access 0' command is executed.
11:52:17 INFO  : ----------------XSDB Script----------------
connect -url tcp:127.0.0.1:3121
source /home/bgardner/workspace/wasm_exec/wasm_exec/ps7_init.tcl
targets -set -nocase -filter {name =~"APU*" && jtag_cable_name =~ "Avnet MiniZed V1 1234-oj1A"} -index 0
loadhw -hw /home/bgardner/workspace/wasm_exec/wasm_exec/system.hdf -mem-ranges [list {0x40000000 0xbfffffff}]
configparams force-mem-access 1
targets -set -nocase -filter {name =~"APU*" && jtag_cable_name =~ "Avnet MiniZed V1 1234-oj1A"} -index 0
stop
ps7_init
ps7_post_config
targets -set -nocase -filter {name =~ "ARM*#0" && jtag_cable_name =~ "Avnet MiniZed V1 1234-oj1A"} -index 0
rst -processor
targets -set -nocase -filter {name =~ "ARM*#0" && jtag_cable_name =~ "Avnet MiniZed V1 1234-oj1A"} -index 0
dow /home/bgardner/workspace/wasm_exec/runner/Debug/runner.elf
configparams force-mem-access 0
----------------End of Script----------------

11:52:17 INFO  : Memory regions updated for context APU
11:52:17 INFO  : Context for processor 'ps7_cortexa9_0' is selected.
11:52:17 INFO  : 'con' command is executed.
11:52:17 INFO  : ----------------XSDB Script (After Launch)----------------
targets -set -nocase -filter {name =~ "ARM*#0" && jtag_cable_name =~ "Avnet MiniZed V1 1234-oj1A"} -index 0
con
----------------End of Script----------------

11:52:17 INFO  : Launch script is exported to file '/home/bgardner/workspace/wasm_exec/.sdk/launch_scripts/xilinx_c-c++_application_(system_debugger)/system_debugger_using_debug_runner.elf_on_local.tcl'
11:53:08 INFO  : Disconnected from the channel tcfchan#8.
11:53:09 INFO  : 'targets -set -filter {jtag_cable_name =~ "Avnet MiniZed V1 1234-oj1A" && level==0} -index 1' command is executed.
11:53:09 INFO  : 'fpga -state' command is executed.
11:53:09 INFO  : Connected to target on host '127.0.0.1' and port '3121'.
11:53:09 INFO  : Jtag cable 'Avnet MiniZed V1 1234-oj1A' is selected.
11:53:09 INFO  : 'jtag frequency' command is executed.
11:53:09 INFO  : Sourcing of '/home/bgardner/workspace/wasm_exec/wasm_exec/ps7_init.tcl' is done.
11:53:09 INFO  : Context for 'APU' is selected.
11:53:11 INFO  : Hardware design information is loaded from '/home/bgardner/workspace/wasm_exec/wasm_exec/system.hdf'.
11:53:11 INFO  : 'configparams force-mem-access 1' command is executed.
11:53:11 INFO  : Context for 'APU' is selected.
11:53:11 INFO  : 'stop' command is executed.
11:53:11 INFO  : 'ps7_init' command is executed.
11:53:11 INFO  : 'ps7_post_config' command is executed.
11:53:11 INFO  : Context for processor 'ps7_cortexa9_0' is selected.
11:53:11 INFO  : Processor reset is completed for 'ps7_cortexa9_0'.
11:53:11 INFO  : Context for processor 'ps7_cortexa9_0' is selected.
11:53:11 INFO  : The application '/home/bgardner/workspace/wasm_exec/runner/Debug/runner.elf' is downloaded to processor 'ps7_cortexa9_0'.
11:53:11 INFO  : 'configparams force-mem-access 0' command is executed.
11:53:11 INFO  : ----------------XSDB Script----------------
connect -url tcp:127.0.0.1:3121
source /home/bgardner/workspace/wasm_exec/wasm_exec/ps7_init.tcl
targets -set -nocase -filter {name =~"APU*" && jtag_cable_name =~ "Avnet MiniZed V1 1234-oj1A"} -index 0
loadhw -hw /home/bgardner/workspace/wasm_exec/wasm_exec/system.hdf -mem-ranges [list {0x40000000 0xbfffffff}]
configparams force-mem-access 1
targets -set -nocase -filter {name =~"APU*" && jtag_cable_name =~ "Avnet MiniZed V1 1234-oj1A"} -index 0
stop
ps7_init
ps7_post_config
targets -set -nocase -filter {name =~ "ARM*#0" && jtag_cable_name =~ "Avnet MiniZed V1 1234-oj1A"} -index 0
rst -processor
targets -set -nocase -filter {name =~ "ARM*#0" && jtag_cable_name =~ "Avnet MiniZed V1 1234-oj1A"} -index 0
dow /home/bgardner/workspace/wasm_exec/runner/Debug/runner.elf
configparams force-mem-access 0
----------------End of Script----------------

11:53:11 INFO  : Memory regions updated for context APU
11:53:11 INFO  : Context for processor 'ps7_cortexa9_0' is selected.
11:53:11 INFO  : 'con' command is executed.
11:53:11 INFO  : ----------------XSDB Script (After Launch)----------------
targets -set -nocase -filter {name =~ "ARM*#0" && jtag_cable_name =~ "Avnet MiniZed V1 1234-oj1A"} -index 0
con
----------------End of Script----------------

11:53:11 INFO  : Launch script is exported to file '/home/bgardner/workspace/wasm_exec/.sdk/launch_scripts/xilinx_c-c++_application_(system_debugger)/system_debugger_using_debug_runner.elf_on_local.tcl'
11:53:28 INFO  : Disconnected from the channel tcfchan#9.
11:53:29 INFO  : 'targets -set -filter {jtag_cable_name =~ "Avnet MiniZed V1 1234-oj1A" && level==0} -index 1' command is executed.
11:53:29 INFO  : 'fpga -state' command is executed.
11:53:29 INFO  : Connected to target on host '127.0.0.1' and port '3121'.
11:53:29 INFO  : Jtag cable 'Avnet MiniZed V1 1234-oj1A' is selected.
11:53:29 INFO  : 'jtag frequency' command is executed.
11:53:29 INFO  : Sourcing of '/home/bgardner/workspace/wasm_exec/wasm_exec/ps7_init.tcl' is done.
11:53:29 INFO  : Context for 'APU' is selected.
11:53:31 INFO  : Hardware design information is loaded from '/home/bgardner/workspace/wasm_exec/wasm_exec/system.hdf'.
11:53:31 INFO  : 'configparams force-mem-access 1' command is executed.
11:53:31 INFO  : Context for 'APU' is selected.
11:53:31 INFO  : 'stop' command is executed.
11:53:31 INFO  : 'ps7_init' command is executed.
11:53:31 INFO  : 'ps7_post_config' command is executed.
11:53:31 INFO  : Context for processor 'ps7_cortexa9_0' is selected.
11:53:31 INFO  : Processor reset is completed for 'ps7_cortexa9_0'.
11:53:31 INFO  : Context for processor 'ps7_cortexa9_0' is selected.
11:53:31 INFO  : The application '/home/bgardner/workspace/wasm_exec/runner/Debug/runner.elf' is downloaded to processor 'ps7_cortexa9_0'.
11:53:31 INFO  : 'configparams force-mem-access 0' command is executed.
11:53:31 INFO  : ----------------XSDB Script----------------
connect -url tcp:127.0.0.1:3121
source /home/bgardner/workspace/wasm_exec/wasm_exec/ps7_init.tcl
targets -set -nocase -filter {name =~"APU*" && jtag_cable_name =~ "Avnet MiniZed V1 1234-oj1A"} -index 0
loadhw -hw /home/bgardner/workspace/wasm_exec/wasm_exec/system.hdf -mem-ranges [list {0x40000000 0xbfffffff}]
configparams force-mem-access 1
targets -set -nocase -filter {name =~"APU*" && jtag_cable_name =~ "Avnet MiniZed V1 1234-oj1A"} -index 0
stop
ps7_init
ps7_post_config
targets -set -nocase -filter {name =~ "ARM*#0" && jtag_cable_name =~ "Avnet MiniZed V1 1234-oj1A"} -index 0
rst -processor
targets -set -nocase -filter {name =~ "ARM*#0" && jtag_cable_name =~ "Avnet MiniZed V1 1234-oj1A"} -index 0
dow /home/bgardner/workspace/wasm_exec/runner/Debug/runner.elf
configparams force-mem-access 0
----------------End of Script----------------

11:53:31 INFO  : Memory regions updated for context APU
11:53:31 INFO  : Context for processor 'ps7_cortexa9_0' is selected.
11:53:31 INFO  : 'con' command is executed.
11:53:31 INFO  : ----------------XSDB Script (After Launch)----------------
targets -set -nocase -filter {name =~ "ARM*#0" && jtag_cable_name =~ "Avnet MiniZed V1 1234-oj1A"} -index 0
con
----------------End of Script----------------

11:53:31 INFO  : Launch script is exported to file '/home/bgardner/workspace/wasm_exec/.sdk/launch_scripts/xilinx_c-c++_application_(system_debugger)/system_debugger_using_debug_runner.elf_on_local.tcl'
